     1                                  ; Everett Reynolds
     2                                  ; Adding Integers
     3                                  ; 9-14-20
     4                                  ; An Assembly Adding Project I Guess
     5                                  
     6                                  SECTION .data
     7                                  ; define data/variables here.  Think DB, DW, DD, DQ
     8                                  
     9                                  SECTION .bss
    10                                  ; define uninitialized data here
    11                                  
    12                                  SECTION .text
    13                                  global _main
    14                                  _main:
    15                                  
    16 00000000 66B8BACD                	mov AX, 0CDBAh
    17 00000004 66BBBACD                	mov BX, 0CDBAh
    18 00000008 6601D8                  	add AX, BX
    19 0000000B 66B8CDAB                	mov AX, 0ABCDh
    20 0000000F 66BBCDAB                	mov BX, 0ABCDh
    21 00000013 6601D8                  	add AX, BX
    22 00000016 66B8FAFA                	mov AX, 0FAFAh
    23 0000001A 66BB0505                	mov BX, 0505h
    24 0000001E 6601D8                  	add AX, BX
    25 00000021 66B8F0F0                	mov AX, 0F0F0h
    26 00000025 66BB00FF                	mov BX, 0FF00h
    27 00000029 6601D8                  	add AX, BX
    28 0000002C 66B868D4                	mov AX, 0D468h
    29 00000030 66BB982B                	mov BX, 2B98h
    30 00000034 6601D8                  	add AX, BX
    31 00000037 66B80F70                	mov AX, 700Fh
    32 0000003B 66BBF10F                	mov BX, 0FF1h
    33 0000003F 6601D8                  	add AX, BX
    34 00000042 66B83412                	mov AX, 1234h
    35 00000046 66BB5476                	mov BX, 7654h
    36 0000004A 6601D8                  	add AX, BX
    37 0000004D 66B80B0B                	mov AX, 0B0Bh
    38 00000051 66BB1EA1                	mov BX, 0A11Eh
    39 00000055 6601D8                  	add AX, BX
    40 00000058 66B85476                	mov AX, 7654h
    41 0000005C 66BB9A78                	mov BX, 789Ah
    42 00000060 6601D8                  	add AX, BX
    43 00000063 66B80080                	mov AX, 8000h
    44 00000067 66BB0080                	mov BX, 8000h
    45 0000006B 6601D8                  	add AX, BX
    46                                  
    47                                  
    48                                  
    49                                  ; Normal termination code
    50 0000006E B801000000              mov eax, 1
    51 00000073 BB00000000              mov ebx, 0
    52 00000078 CD80                    int 80h
