     1                                  ; Everett Reynolds
     2                                  ; P1: Data Storage
     3                                  ; 9-11-2020
     4                                  ; Not Sure What to Put Here so Here's Something
     5                                  
     6                                  SECTION .data
     7                                  ; define data/variables here.  Think DB, DW, DD, DQ
     8 00000000 0B                      a1:  db  11d
     9 00000001 0300                    b1:  dw  11b
    10 00000003 11000000                c1:  dd  11h
    11 00000007 0900                    d1:  dw  11q
    12 00000009 FBFF                    e1:  dw   -5
    13 0000000B 43534320333232          f1:  db  'CSC 322'
    14 00000012 486F776479              g1:  db  'Howdy'
    15 00000017 0504030201              a2:  db  5,4,3,2,1
    16 0000001C 010002000300040005-     b2:  dw  1,2,3,4,5
    17 00000025 00                 
    18 00000026 0A0000000B0000000C-     c2:  dd  10,11,12,13
    19 0000002F 0000000D000000     
    20 00000036 100000000000000011-     d2:  dq  10h,11h,12h,13h
    21 0000003F 000000000000001200-
    22 00000048 000000000000130000-
    23 00000051 0000000000         
    24 00000056 FB                      a3:  db -5
    25 00000057 F6FF                    b3:  dw -10
    26 00000059 F1                      c3:  db -15
    27 0000005A ECFF                    d3:  dw -20
    28 0000005C E7                      e3:  db -25
    29 0000005D 4D6572636572            a4:  db 'Mercer'
    30 00000063 0A                      b4:  db  10
    31 00000064 00                      c4:  db  0
    32 00000065 476F20                  d4:  db  'Go '
    33 00000068 426561727321            e4:  db  'Bears!'
    34 0000006E 6400                    a5:  dw  100
    35 00000070 00010000                b5:  dd  100h
    36 00000074 04                      c5:  db  100b
    37 00000075 4000                    d5:  dw  100q
    38 00000077 64000000                e5:  dd  100d
    39                                  SECTION .bss
    40                                  ; define uninitialized data here
    41                                  
    42                                  SECTION .text
    43                                  global _main
    44                                  _main:
    45                                  
    46                                  ; put your code here.
    47                                  
    48                                  
    49                                  
    50                                  ; Normal termination code
    51 00000000 B801000000              mov eax, 1
    52 00000005 BB00000000              mov ebx, 0
    53 0000000A CD80                    int 80h
