     1                                  ; Everett Reynolds
     2                                  ; Program 6: Max Fibonacci
     3                                  ; 10-18-20
     4                                  ; The maximum fibonacci number that can be held within a double word
     5                                  
     6                                  SECTION .data
     7                                  ; define data/variables here.  Think DB, DW, DD, DQ
     8 00000000 0000000001000000        nums:   dd      0,1
     9 00000008 04000000                count:  dd      4
    10                                  SECTION .bss
    11                                  ; define uninitialized data here:
    12 00000000 <res 00000004>          MaxFib:  RESD 1
    13                                  
    14                                  SECTION .text
    15                                  global _main
    16                                  _main:
    17                                  
    18                                  ; put your code here.
    19                                  
    20 00000000 31C0                    xor eax,eax
    21 00000002 31DB                    xor ebx,ebx
    22 00000004 B800000000              mov eax,0
    23 00000009 BB01000000              mov ebx,1
    24                                  
    25                                  whileNotMax:
    26                                  
    27 0000000E 89C2                    	mov edx,eax
    28 00000010 01DA                    	add edx,ebx
    29 00000012 7206                    	jc endWhile
    30                                  
    31 00000014 89D8                    	mov eax,ebx
    32 00000016 89D3                    	mov ebx,edx
    33 00000018 EBF4                    	jmp whileNotMax
    34                                  
    35                                  endWhile:
    36                                  
    37 0000001A 891D[00000000]          	mov [MaxFib],ebx
    38                                  lastBreak:
    39                                  
    40                                  ; Normal Termination Code
    41                                  
    42 00000020 B801000000              mov eax, 1
    43 00000025 BB00000000              mov ebx, 0
    44 0000002A CD80                    int 80h
    45                                  
