     1                                  ; Everett Reynolds
     2                                  ; Matrix Manipulation
     3                                  ; 10-7-20
     4                                  ; Summing up all these numbers with nested for loops for some reason
     5                                  
     6                                  SECTION .data
     7                                  ; define data/variables here.  Think DB, DW, DD, DQ
     8                                  ROWS:		EQU	5	; defines a constant ROWS set to 3.
     9                                  COLS:           EQU	7	; defines a constant COLS set to 2.
    10                                  
    11 00000000 010000000200000003-     MyMatrix: 	dd	 1,  2,  3,  4,  5,  6,  7
    12 00000009 000000040000000500-
    13 00000012 000006000000070000-
    14 0000001B 00                 
    15 0000001C 08000000090000000A-     	    	dd	 8,  9, 10, 11, 12, 13, 14
    16 00000025 0000000B0000000C00-
    17 0000002E 00000D0000000E0000-
    18 00000037 00                 
    19 00000038 0F0000001000000011-     		dd	15, 16, 17, 18, 19, 20, 21
    20 00000041 000000120000001300-
    21 0000004A 000014000000150000-
    22 00000053 00                 
    23 00000054 160000001700000018-     		dd	22, 23, 24, 25, 26, 27, 28
    24 0000005D 000000190000001A00-
    25 00000066 00001B0000001C0000-
    26 0000006F 00                 
    27 00000070 1D0000001E0000001F-     		dd	29, 30, 31, 32, 33, 34, 35
    28 00000079 000000200000002100-
    29 00000082 000022000000230000-
    30 0000008B 00                 
    31                                  
    32                                  
    33                                  
    34                                  
    35                                  SECTION .bss
    36                                  ; define uninitialized data here
    37 00000000 <res 00000014>          RowSums: 	RESD ROWS
    38 00000014 <res 0000001C>          ColSums:	RESD COLS
    39 00000030 <res 00000004>          Sum:		RESD 1
    40 00000034 <res 00000004>          GrandTotal: 	RESD 1
    41 00000038 <res 00000004>          saveECX: 	RESD 1
    42                                  SECTION .text
    43                                  global _main
    44                                  _main:
    45                                  
    46                                  ; put your code here.
    47                                  
    48 00000000 31C0                    	xor eax,eax
    49 00000002 BB[00000000]            	mov ebx, MyMatrix
    50 00000007 B907000000              	mov ecx,COLS
    51                                  rowSumOutter:
    52 0000000C 890D[38000000]          	mov[saveECX],ecx
    53 00000012 B905000000              	mov ecx, ROWS
    54                                  rowSumInner:
    55                                  	
    56 00000017 0303                    	add	eax,DWORD[ebx]
    57 00000019 83C304                  	add     ebx,4
    58 0000001C E2F9                    	loop 	rowSumInner
    59                                  
    60 0000001E 8B0D[38000000]          	mov ecx,[saveECX]
    61 00000024 E2E6                    	loop rowSumOutter
    62                                  	
    63 00000026 A3[00000000]            	mov [RowSums],eax
    64                                  
    65                                  
    66                                  
    67                                  
    68 0000002B 31C0                            xor eax,eax
    69 0000002D BB[00000000]                    mov ebx, MyMatrix
    70 00000032 B905000000                      mov ecx,ROWS
    71                                  colSumOutter:
    72 00000037 890D[38000000]                  mov[saveECX],ecx
    73 0000003D B907000000                      mov ecx, COLS
    74                                  colSumInner:
    75                                  
    76 00000042 0303                            add     eax,DWORD[ebx]
    77 00000044 83C304                          add     ebx,4
    78 00000047 E2F9                            loop    colSumInner
    79                                  
    80 00000049 8B0D[38000000]                  mov ecx,[saveECX]
    81 0000004F E2E6                            loop colSumOutter
    82                                  
    83 00000051 A3[14000000]                    mov [ColSums],eax
    84                                  
    85                                  
    86 00000056 31C0                    	xor eax,eax
    87 00000058 31DB                    	xor ebx,ebx
    88 0000005A 31C9                    	xor ecx,ecx
    89 0000005C 31D2                    	xor edx,edx
    90                                  		
    91 0000005E B905000000              	mov ecx, ROWS
    92 00000063 C705[34000000]0000-     	mov DWORD[GrandTotal],0
    93 0000006B 0000               
    94 0000006D BB[00000000]            	mov ebx, MyMatrix
    95                                  outtertotal:
    96 00000072 890D[38000000]          	mov [saveECX],ecx
    97 00000078 B907000000              	mov ecx,COLS
    98                                  innertotal:
    99 0000007D 0303                    	add eax,DWORD[ebx]
   100 0000007F 83C304                  	add ebx,4
   101 00000082 E2F9                    	loop innertotal
   102 00000084 8B0D[38000000]          	mov ecx, [saveECX]
   103 0000008A 89C2                    	mov edx,eax
   104 0000008C E2E4                    	loop outtertotal
   105                                  	
   106                                  	
   107 0000008E 8915[34000000]          	mov[GrandTotal],edx
   108                                  
   109                                  lastBreak:
   110                                  ; Normal termination code
   111 00000094 B801000000              mov eax, 1
   112 00000099 BB00000000              mov ebx, 0
   113 0000009E CD80                    int 80h
   114                                  
