     1                                  ; Everett Reynolds
     2                                  ; Summing Arrays
     3                                  ; 9-26-2020
     4                                  ; Add Those Arrays together into sum variables botta bip botta boop
     5                                  
     6                                  SECTION .data
     7                                  ; define data/variables here.  Think DB, DW, DD, DQ
     8 00000000 FF02FD04FB06            bArray:		DB	-1,2,-3,4,-5,6
     9 00000006 09000A000B000C000D-     wArray:		DW	09h,0ah,0bh,0ch,0dh
    10 0000000F 00                 
    11 00000010 F6FFFFFFECFFFFFFE2-     dArray:		DD	-10,-20,-30,-40,-50
    12 00000019 FFFFFFD8FFFFFFCEFF-
    13 00000022 FFFF               
    14 00000024 00                      bArraySum: 	DB 	0
    15 00000025 0000                    wArraySum:	DW 	0
    16 00000027 00000000                dArraySum:	DD 	0
    17 0000002B 00000000                grandTotal: 	DD      0
    18                                  
    19                                  SECTION .bss
    20                                  ; define uninitialized data here
    21                                  
    22                                  
    23                                  SECTION .text
    24                                  global _main
    25                                  _main:
    26                                  ; put your code here.
    27 00000000 A0[00000000]            mov al, [bArray]
    28 00000005 0205[01000000]          add al, [bArray +1]
    29 0000000B 0205[02000000]          add al, [bArray +2]
    30 00000011 0205[03000000]          add al, [bArray +3]
    31 00000017 0205[04000000]          add al, [bArray +4]
    32 0000001D 0205[05000000]          add al, [bArray +5]
    33 00000023 A2[2B000000]            mov [grandTotal], al
    34 00000028 30C0                    xor al,al
    35                                  
    36 0000002A 66A1[06000000]          mov ax, [wArray]
    37 00000030 660305[08000000]        add ax, [wArray +2]
    38 00000037 660305[0A000000]        add ax, [wArray +4]
    39 0000003E 660305[0C000000]        add ax, [wArray +6]
    40 00000045 660305[0E000000]        add ax, [wArray +8]
    41 0000004C 660105[2B000000]        add [grandTotal], ax
    42 00000053 6631C0                  xor ax,ax
    43                                  
    44 00000056 A1[10000000]            mov eax, [dArray]
    45 0000005B 0305[14000000]          add eax, [dArray +4]
    46 00000061 0305[18000000]          add eax, [dArray +8]
    47 00000067 0305[1C000000]          add eax, [dArray +12]
    48 0000006D 0305[20000000]          add eax, [dArray +16]
    49 00000073 0105[2B000000]          add [grandTotal], eax
    50 00000079 31C0                    xor eax,eax
    51                                  
    52                                  
    53                                  
    54                                  
    55                                  
    56                                  lastBreak:
    57                                  ; Normal termination code
    58 0000007B B801000000              mov eax, 1
    59 00000080 BB00000000              mov ebx, 0
    60 00000085 CD80                    int 80h
    61                                  
