     1                                  ; Everett Reynolds
     2                                  ; Program 4: Fibonacci Sequence
     3                                  ; 10-1-20
     4                                  ; 
     5                                  
     6                                  SECTION .data
     7                                  ; define data/variables here.  Think DB, DW, DD, DQ
     8 00000000 0000000001000000        nums:   dd      0,1
     9                                  
    10                                  SECTION .bss
    11                                  ; define uninitialized data here
    12 00000000 <res 00000040>          Fibs: RESD 16
    13                                  
    14                                  SECTION .text
    15                                  global _main
    16                                  _main:
    17                                  
    18                                  ; put your code here.
    19                                  
    20 00000000 31C0                    xor eax,eax
    21 00000002 A3[00000000]            mov DWORD[Fibs],eax
    22 00000007 83C001                  add eax,1
    23 0000000A A3[04000000]            mov DWORD[Fibs+4],eax
    24 0000000F A3[08000000]            mov DWORD[Fibs+8],eax
    25 00000014 0305[08000000]          add eax, DWORD[Fibs+8]
    26 0000001A A3[0C000000]            mov DWORD[Fibs+12],eax
    27                                  
    28 0000001F 0305[0C000000]          add eax, DWORD[Fibs+12]
    29 00000025 2B05[04000000]          sub eax, DWORD[Fibs+4]
    30 0000002B A3[10000000]            mov DWORD[Fibs+16], eax
    31                                  
    32 00000030 0305[10000000]          add eax, DWORD[Fibs+16]
    33 00000036 2B05[08000000]          sub eax, DWORD[Fibs+8]
    34 0000003C A3[14000000]            mov DWORD[Fibs+20], eax
    35                                  
    36 00000041 0305[14000000]          add eax, DWORD[Fibs+20]
    37 00000047 2B05[0C000000]          sub eax, DWORD[Fibs+12]
    38 0000004D A3[18000000]            mov DWORD[Fibs+24], eax
    39                                  
    40 00000052 0305[18000000]          add eax, DWORD[Fibs+24]
    41 00000058 2B05[10000000]          sub eax, DWORD[Fibs+16]
    42 0000005E A3[1C000000]            mov DWORD[Fibs+28], eax
    43                                  
    44 00000063 0305[1C000000]          add eax, DWORD[Fibs+28]
    45 00000069 2B05[14000000]          sub eax, DWORD[Fibs+20]
    46 0000006F A3[20000000]            mov DWORD[Fibs+32], eax
    47                                  
    48 00000074 0305[20000000]          add eax, DWORD[Fibs+32]
    49 0000007A 2B05[18000000]          sub eax, DWORD[Fibs+24]
    50 00000080 A3[24000000]            mov DWORD[Fibs+36], eax
    51                                  
    52 00000085 0305[24000000]          add eax, DWORD[Fibs+36]
    53 0000008B 2B05[1C000000]          sub eax, DWORD[Fibs+28]
    54 00000091 A3[28000000]            mov DWORD[Fibs+40], eax
    55                                  
    56 00000096 0305[28000000]          add eax, DWORD[Fibs+40]
    57 0000009C 2B05[20000000]          sub eax, DWORD[Fibs+32]
    58 000000A2 A3[2C000000]            mov DWORD[Fibs+44], eax
    59                                  
    60 000000A7 0305[2C000000]          add eax, DWORD[Fibs+44]
    61 000000AD 2B05[24000000]          sub eax, DWORD[Fibs+36]
    62 000000B3 A3[30000000]            mov DWORD[Fibs+48], eax
    63                                  
    64 000000B8 0305[30000000]          add eax, DWORD[Fibs+48]
    65 000000BE 2B05[28000000]          sub eax, DWORD[Fibs+40]
    66 000000C4 A3[34000000]            mov DWORD[Fibs+52], eax
    67                                  
    68 000000C9 0305[34000000]          add eax, DWORD[Fibs+52]
    69 000000CF 2B05[2C000000]          sub eax, DWORD[Fibs+44]
    70 000000D5 A3[38000000]            mov DWORD[Fibs+56], eax
    71                                  
    72 000000DA 0305[38000000]          add eax, DWORD[Fibs+56]
    73 000000E0 2B05[30000000]          sub eax, DWORD[Fibs+48]
    74 000000E6 A3[3C000000]            mov DWORD[Fibs+60], eax
    75                                  
    76 000000EB 0305[3C000000]          add eax, DWORD[Fibs+60]
    77 000000F1 2B05[34000000]          sub eax, DWORD[Fibs+52]
    78 000000F7 A3[40000000]            mov DWORD[Fibs+64], eax
    79                                  
    80                                  
    81                                  
    82                                  
    83                                  
    84                                  
    85                                  
    86                                  
    87                                  
    88                                  
    89                                  
    90                                  
    91                                  
    92                                  
    93                                  
    94                                          
    95                                  done:
    96                                  
    97                                  ; Normal termination code
    98 000000FC B801000000                      mov eax, 1
    99 00000101 BB00000000                      mov ebx, 0
   100 00000106 CD80                            int 80h
   101                                  
